<?xml version="1.0" encoding="UTF-8"?>
<!-- Generated by org.testng.reporters.JUnitXMLReporter -->
<testsuite ignored="0" hostname="yoganandpc" failures="0" tests="5" name="Default test" time="70.816" errors="0" timestamp="2024-02-09T08:34:13 IST">
  <testcase classname="demos.regDemo" name="search" time="6.284"/>
  <testcase classname="demos.regDemo" name="search" time="6.318"/>
  <testcase classname="demos.regDemo" name="search" time="6.291"/>
  <testcase classname="demos.regDemo" name="search" time="6.271"/>
  <testcase classname="demos.regDemo" name="search" time="6.062"/>
</testsuite> <!-- Default test -->
